TN:
SF:src/Bounty.sol
DA:29,21
FN:29,Bounty.initialize
FNDA:21,Bounty.initialize
DA:34,21
DA:35,21
DA:36,21
DA:37,21
DA:40,513
FN:40,Bounty.setBountyAmount
FNDA:513,Bounty.setBountyAmount
DA:41,513
DA:42,513
DA:45,261
FN:45,Bounty.setContributor
FNDA:261,Bounty.setContributor
DA:46,261
BRDA:46,0,0,-
BRDA:46,0,1,-
DA:47,261
DA:50,773
FN:50,Bounty.addProposalBounty
FNDA:773,Bounty.addProposalBounty
DA:51,773
BRDA:51,1,0,-
BRDA:51,1,1,-
DA:52,772
BRDA:52,2,0,772
BRDA:52,2,1,-
DA:58,771
DA:59,771
DA:61,771
DA:64,519
FN:64,Bounty.addContributorBounty
FNDA:519,Bounty.addContributorBounty
DA:65,519
BRDA:65,3,0,-
BRDA:65,3,1,-
DA:66,518
BRDA:66,4,0,-
BRDA:66,4,1,-
DA:68,517
DA:69,517
DA:71,517
DA:73,517
DA:76,258
FN:76,Bounty.claimProposalBounty
FNDA:258,Bounty.claimProposalBounty
DA:77,258
DA:79,258
BRDA:79,5,0,-
BRDA:79,5,1,-
DA:81,257
DA:82,257
DA:84,257
DA:87,3
FN:87,Bounty.claimContributorBounty
FNDA:3,Bounty.claimContributorBounty
DA:88,3
DA:89,3
BRDA:89,6,0,-
BRDA:89,6,1,-
DA:91,2
DA:92,2
DA:93,2
DA:95,2
DA:98,770
FN:98,Bounty.claimableProposalAmount
FNDA:770,Bounty.claimableProposalAmount
DA:99,770
DA:100,770
DA:101,770
DA:102,2305
DA:104,2305
BRDA:104,7,0,1537
DA:105,1537
DA:108,770
DA:111,515
FN:111,Bounty.claimableContributorAmount
FNDA:515,Bounty.claimableContributorAmount
DA:112,515
DA:113,258
DA:114,515
DA:115,0
DA:118,1
FN:118,Bounty.recoverERC20
FNDA:1,Bounty.recoverERC20
DA:119,1
FNF:10
FNH:10
LF:52
LH:51
BRF:15
BRH:2
end_of_record
TN:
SF:src/Campaigns.sol
DA:57,4
FN:57,Campaigns.initialize
FNDA:4,Campaigns.initialize
DA:58,4
DA:59,4
DA:60,4
DA:63,3
FN:63,Campaigns.createCampaign
FNDA:3,Campaigns.createCampaign
DA:64,3
BRDA:64,0,0,-
BRDA:64,0,1,-
DA:65,3
BRDA:65,1,0,-
BRDA:65,1,1,-
DA:66,3
BRDA:66,2,0,-
BRDA:66,2,1,-
DA:68,3
DA:69,3
DA:71,3
DA:83,4
FN:83,Campaigns.addCampWinners
FNDA:4,Campaigns.addCampWinners
DA:88,4
BRDA:88,3,0,-
BRDA:88,3,1,-
DA:90,4
DA:91,4
BRDA:91,4,0,4
BRDA:91,4,1,-
DA:92,4
BRDA:92,5,0,-
BRDA:92,5,1,-
DA:93,4
DA:94,4
DA:97,0
BRDA:97,6,0,-
BRDA:97,6,1,-
DA:98,0
DA:99,0
DA:103,4
DA:106,4
FN:106,Campaigns.claimCampaign
FNDA:4,Campaigns.claimCampaign
DA:112,4
BRDA:112,7,0,-
BRDA:112,7,1,-
DA:113,4
BRDA:113,8,0,-
BRDA:113,8,1,-
DA:118,3
BRDA:118,9,0,3
BRDA:118,9,1,-
DA:119,3
BRDA:119,10,0,-
BRDA:119,10,1,-
DA:120,1
BRDA:120,11,0,-
BRDA:120,11,1,-
DA:122,1
DA:123,1
DA:124,1
BRDA:124,12,0,1
DA:125,1
DA:126,0
DA:129,1
BRDA:129,13,0,-
BRDA:129,13,1,-
DA:130,1
DA:131,1
DA:133,0
BRDA:133,14,0,-
BRDA:133,14,1,-
DA:135,0
DA:136,0
DA:137,0
BRDA:137,15,0,-
DA:138,0
DA:139,0
DA:142,0
BRDA:142,16,0,-
BRDA:142,16,1,-
DA:143,0
DA:146,1
BRDA:146,17,0,1
BRDA:146,17,1,-
DA:147,1
DA:148,1
DA:150,0
DA:151,0
DA:154,1
DA:157,3
FN:157,Campaigns.verify
FNDA:3,Campaigns.verify
DA:162,3
DA:163,3
DA:166,3
FN:166,Campaigns.getEthSignedMessageHash
FNDA:3,Campaigns.getEthSignedMessageHash
DA:167,3
DA:168,3
DA:170,3
DA:171,3
DA:179,3
FN:179,Campaigns.recoverSigner
FNDA:3,Campaigns.recoverSigner
DA:183,3
DA:185,3
DA:188,3
FN:188,Campaigns.splitSignature
FNDA:3,Campaigns.splitSignature
DA:191,3
BRDA:191,18,0,-
BRDA:191,18,1,-
DA:194,0
DA:196,0
DA:198,0
DA:202,3
BRDA:202,19,0,-
DA:203,0
DA:206,3
BRDA:206,20,0,3
BRDA:206,20,1,-
DA:209,0
FN:209,Campaigns.recoverERC20
FNDA:0,Campaigns.recoverERC20
DA:210,0
DA:213,0
FN:213,Campaigns.getStatus
FNDA:0,Campaigns.getStatus
DA:214,0
BRDA:214,21,0,-
DA:215,0
DA:217,0
DA:220,0
FN:220,Campaigns.isWinner
FNDA:0,Campaigns.isWinner
DA:221,0
DA:222,0
BRDA:222,22,0,-
DA:223,0
DA:226,0
FNF:11
FNH:8
LF:80
LH:51
BRF:41
BRH:5
end_of_record
TN:
SF:src/ContractFactory.sol
DA:9,4
FN:9,ContractFactory.onlyOwner
FNDA:4,ContractFactory.onlyOwner
DA:10,4
BRDA:10,0,0,-
BRDA:10,0,1,-
DA:14,3
FN:14,ContractFactory.constructor
FNDA:3,ContractFactory.constructor
DA:15,3
DA:19,3
FN:19,ContractFactory.deploy
FNDA:3,ContractFactory.deploy
DA:24,0
DA:28,3
BRDA:28,1,0,-
BRDA:28,1,1,-
DA:31,2
DA:34,0
FN:34,ContractFactory.transferOwnership
FNDA:0,ContractFactory.transferOwnership
DA:35,0
FNF:4
FNH:3
LF:10
LH:7
BRF:4
BRH:0
end_of_record
TN:
SF:src/DAOFactory.sol
DA:60,25
FN:60,DAOFactory.setImplementation
FNDA:25,DAOFactory.setImplementation
DA:65,25
DA:66,25
DA:67,25
DA:70,13
FN:70,DAOFactory.createDAO
FNDA:13,DAOFactory.createDAO
DA:80,13
BRDA:80,0,0,-
BRDA:80,0,1,-
DA:81,12
BRDA:81,1,0,12
BRDA:81,1,1,-
DA:85,11
BRDA:85,2,0,-
BRDA:85,2,1,-
DA:86,10
BRDA:86,3,0,-
BRDA:86,3,1,-
DA:88,9
DA:89,9
BRDA:89,4,0,-
BRDA:89,4,1,-
DA:92,9
BRDA:92,5,0,-
BRDA:92,5,1,-
DA:93,8
DA:94,8
DA:97,8
BRDA:97,6,0,-
BRDA:97,6,1,-
DA:98,7
DA:99,7
DA:102,7
BRDA:102,7,0,-
BRDA:102,7,1,-
DA:104,7
BRDA:104,8,0,-
BRDA:104,8,1,-
DA:105,5
DA:106,5
DA:116,5
DA:117,5
DA:120,5
DA:133,5
DA:134,5
DA:136,5
DA:150,0
DA:153,3
FN:153,DAOFactory.getDAO
FNDA:3,DAOFactory.getDAO
DA:154,3
BRDA:154,9,0,-
BRDA:154,9,1,-
DA:155,3
DA:158,2
FN:158,DAOFactory.isDaoExists
FNDA:2,DAOFactory.isDaoExists
DA:159,2
DA:162,2
FN:162,DAOFactory.deploy
FNDA:2,DAOFactory.deploy
DA:166,0
DA:168,2
BRDA:168,10,0,-
BRDA:168,10,1,-
DA:169,1
DA:172,2
FN:172,DAOFactory.updateDAOSocialConfig
FNDA:2,DAOFactory.updateDAOSocialConfig
DA:173,2
BRDA:173,11,0,-
BRDA:173,11,1,-
DA:175,1
DA:177,2
FNF:6
FNH:6
LF:41
LH:39
BRF:24
BRH:1
end_of_record
TN:
SF:src/Governance/GovernorAlpha.sol
DA:113,51
FN:113,GovernorAlpha.initialize
FNDA:51,GovernorAlpha.initialize
DA:122,51
BRDA:122,0,0,-
BRDA:122,0,1,-
DA:123,51
DA:125,51
DA:126,51
DA:127,51
DA:128,51
DA:129,51
DA:130,51
DA:131,51
DA:132,51
DA:133,51
DA:136,28
FN:136,GovernorAlpha.propose
FNDA:28,GovernorAlpha.propose
DA:143,28
BRDA:143,1,0,28
BRDA:143,1,1,-
DA:147,27
BRDA:147,2,0,27
BRDA:147,2,1,27
DA:153,26
BRDA:153,3,0,-
BRDA:153,3,1,-
DA:154,25
BRDA:154,4,0,-
BRDA:154,4,1,-
DA:159,24
DA:160,24
BRDA:160,5,0,2
DA:161,2
DA:162,2
BRDA:162,6,0,-
BRDA:162,6,1,-
DA:166,2
BRDA:166,7,0,-
BRDA:166,7,1,-
DA:172,22
DA:173,22
DA:175,22
DA:176,22
DA:177,22
DA:179,22
BRDA:179,8,0,-
BRDA:179,8,1,-
DA:180,22
DA:181,22
DA:182,22
DA:183,22
DA:184,22
DA:185,22
DA:186,22
DA:187,22
DA:188,22
DA:189,22
DA:190,22
DA:191,22
DA:192,22
DA:193,22
DA:195,22
DA:197,22
DA:208,22
DA:211,4
FN:211,GovernorAlpha.batchQueue
FNDA:4,GovernorAlpha.batchQueue
DA:212,4
DA:213,6
BRDA:213,9,0,-
BRDA:213,9,1,-
DA:217,4
DA:218,4
DA:219,4
DA:220,4
DA:228,4
DA:229,4
DA:233,6
FN:233,GovernorAlpha.queue
FNDA:6,GovernorAlpha.queue
DA:234,6
BRDA:234,10,0,-
BRDA:234,10,1,-
DA:238,4
DA:239,4
DA:240,4
DA:241,4
DA:249,4
DA:250,4
DA:253,8
FN:253,GovernorAlpha._queueOrRevert
FNDA:8,GovernorAlpha._queueOrRevert
DA:260,8
BRDA:260,11,0,8
BRDA:260,11,1,-
DA:266,8
DA:269,2
FN:269,GovernorAlpha.batchExecute
FNDA:2,GovernorAlpha.batchExecute
DA:270,2
DA:271,3
BRDA:271,12,0,-
BRDA:271,12,1,-
DA:275,2
DA:276,2
DA:277,2
DA:278,2
DA:286,2
DA:290,4
FN:290,GovernorAlpha.execute
FNDA:4,GovernorAlpha.execute
DA:291,4
BRDA:291,13,0,-
BRDA:291,13,1,-
DA:295,3
DA:296,3
DA:297,3
DA:298,3
DA:306,3
DA:309,3
FN:309,GovernorAlpha.cancel
FNDA:3,GovernorAlpha.cancel
DA:310,3
DA:311,3
BRDA:311,14,0,-
BRDA:311,14,1,-
DA:316,2
DA:317,2
BRDA:317,15,0,1
BRDA:317,15,1,-
DA:323,1
DA:324,1
DA:325,1
DA:334,1
DA:337,2
FN:337,GovernorAlpha.getActions
FNDA:2,GovernorAlpha.getActions
DA:349,2
DA:350,2
DA:353,1
FN:353,GovernorAlpha.getReceipt
FNDA:1,GovernorAlpha.getReceipt
DA:354,1
DA:357,62
FN:357,GovernorAlpha.state
FNDA:62,GovernorAlpha.state
DA:358,62
BRDA:358,16,0,62
BRDA:358,16,1,62
DA:362,62
DA:363,1
BRDA:363,17,0,1
BRDA:363,17,1,-
DA:364,1
DA:365,61
BRDA:365,18,0,7
BRDA:365,18,1,-
DA:366,7
DA:367,54
BRDA:367,19,0,22
BRDA:367,19,1,-
DA:368,22
DA:369,32
BRDA:369,20,0,2
BRDA:369,20,1,-
DA:370,2
DA:371,30
BRDA:371,21,0,11
BRDA:371,21,1,-
DA:372,11
DA:373,6
BRDA:373,22,0,6
BRDA:373,22,1,-
DA:374,6
DA:375,13
BRDA:375,23,0,-
BRDA:375,23,1,-
DA:376,0
DA:378,13
DA:382,19
FN:382,GovernorAlpha.castVote
FNDA:19,GovernorAlpha.castVote
DA:383,19
DA:386,1
FN:386,GovernorAlpha.proposer
FNDA:1,GovernorAlpha.proposer
DA:387,1
DA:390,19
FN:390,GovernorAlpha._castVote
FNDA:19,GovernorAlpha._castVote
DA:391,19
BRDA:391,24,0,-
BRDA:391,24,1,-
DA:395,17
DA:396,17
DA:397,17
BRDA:397,25,0,-
BRDA:397,25,1,-
DA:398,17
DA:400,14
BRDA:400,26,0,14
BRDA:400,26,1,2
DA:401,14
DA:403,2
DA:406,16
DA:407,16
DA:408,16
DA:410,16
DA:413,768
FN:413,GovernorAlpha.updateVariables
FNDA:768,GovernorAlpha.updateVariables
DA:418,768
BRDA:418,27,0,768
BRDA:418,27,1,512
DA:423,768
DA:424,768
DA:425,768
DA:428,21
FN:428,GovernorAlpha.__acceptAdmin
FNDA:21,GovernorAlpha.__acceptAdmin
DA:429,21
BRDA:429,28,0,-
BRDA:429,28,1,-
DA:433,13
DA:436,2
FN:436,GovernorAlpha.__abdicate
FNDA:2,GovernorAlpha.__abdicate
DA:437,2
BRDA:437,29,0,-
BRDA:437,29,1,-
DA:438,1
DA:441,1
FN:441,GovernorAlpha.__queueSetTimelockPendingAdmin
FNDA:1,GovernorAlpha.__queueSetTimelockPendingAdmin
DA:442,1
BRDA:442,30,0,-
BRDA:442,30,1,-
DA:446,1
DA:455,1
FN:455,GovernorAlpha.__executeSetTimelockPendingAdmin
FNDA:1,GovernorAlpha.__executeSetTimelockPendingAdmin
DA:456,1
BRDA:456,31,0,-
BRDA:456,31,1,-
DA:460,1
DA:469,81
FN:469,GovernorAlpha.add256
FNDA:81,GovernorAlpha.add256
DA:470,81
DA:471,81
BRDA:471,32,0,-
BRDA:471,32,1,-
DA:472,0
DA:475,29
FN:475,GovernorAlpha.sub256
FNDA:29,GovernorAlpha.sub256
DA:476,29
BRDA:476,33,0,-
BRDA:476,33,1,-
DA:477,29
DA:480,0
FN:480,GovernorAlpha.getChainId
FNDA:0,GovernorAlpha.getChainId
DA:481,0
DA:483,0
DA:485,0
FNF:22
FNH:21
LF:157
LH:151
BRF:67
BRH:18
end_of_record
TN:
SF:src/Governance/Timelock.sol
DA:47,57
FN:47,Timelock.initialize
FNDA:57,Timelock.initialize
DA:48,57
DA:49,57
DA:50,57
DA:52,57
BRDA:52,0,0,-
BRDA:52,0,1,-
DA:53,56
BRDA:53,1,0,-
BRDA:53,1,1,-
DA:58,57
DA:59,57
DA:62,4
FN:62,Timelock.updateVariables
FNDA:4,Timelock.updateVariables
DA:63,4
BRDA:63,2,0,-
BRDA:63,2,1,-
DA:67,3
BRDA:67,3,0,-
BRDA:67,3,1,-
DA:71,2
BRDA:71,4,0,-
BRDA:71,4,1,-
DA:75,4
DA:76,4
DA:77,4
DA:80,6
FN:80,Timelock.setDelay
FNDA:6,Timelock.setDelay
DA:81,6
BRDA:81,5,0,-
BRDA:81,5,1,-
DA:82,5
BRDA:82,6,0,-
BRDA:82,6,1,-
DA:83,4
BRDA:83,7,0,-
BRDA:83,7,1,-
DA:87,6
DA:89,3
DA:92,15
FN:92,Timelock.acceptAdmin
FNDA:15,Timelock.acceptAdmin
DA:93,15
BRDA:93,8,0,-
BRDA:93,8,1,-
DA:97,14
DA:98,14
DA:100,14
DA:103,21
FN:103,Timelock.setPendingAdmin
FNDA:21,Timelock.setPendingAdmin
DA:104,21
BRDA:104,9,0,-
BRDA:104,9,1,-
DA:105,2
BRDA:105,10,0,2
BRDA:105,10,1,17
DA:106,2
BRDA:106,11,0,-
BRDA:106,11,1,-
DA:111,17
BRDA:111,12,0,-
BRDA:111,12,1,-
DA:115,15
DA:117,21
DA:119,15
DA:122,16
FN:122,Timelock.queueTransaction
FNDA:16,Timelock.queueTransaction
DA:129,16
BRDA:129,13,0,-
BRDA:129,13,1,-
DA:130,15
BRDA:130,14,0,-
BRDA:130,14,1,-
DA:135,14
DA:136,14
DA:138,16
DA:139,0
DA:142,3
FN:142,Timelock.cancelTransaction
FNDA:3,Timelock.cancelTransaction
DA:149,3
BRDA:149,15,0,-
BRDA:149,15,1,-
DA:151,2
DA:152,2
DA:154,3
DA:157,12
FN:157,Timelock.executeTransaction
FNDA:12,Timelock.executeTransaction
DA:164,12
BRDA:164,16,0,-
BRDA:164,16,1,-
DA:166,11
DA:167,11
BRDA:167,17,0,-
BRDA:167,17,1,-
DA:171,10
BRDA:171,18,0,-
BRDA:171,18,1,-
DA:175,10
BRDA:175,19,0,-
BRDA:175,19,1,-
DA:180,8
DA:182,8
DA:184,8
BRDA:184,20,0,1
BRDA:184,20,1,7
DA:185,1
DA:187,7
DA:191,8
DA:192,8
BRDA:192,21,0,-
BRDA:192,21,1,-
DA:194,12
DA:196,0
DA:199,26
FN:199,Timelock.getBlockTimestamp
FNDA:26,Timelock.getBlockTimestamp
DA:201,26
FNF:9
FNH:9
LF:63
LH:61
BRF:44
BRH:4
end_of_record
TN:
SF:src/SBT.sol
DA:18,7
FN:18,SBT.constructor
FNDA:7,SBT.constructor
DA:19,7
DA:20,7
DA:21,7
DA:22,7
DA:25,0
FN:25,SBT.uri
FNDA:0,SBT.uri
DA:26,0
DA:29,0
FN:29,SBT.setTokenURI
FNDA:0,SBT.setTokenURI
DA:30,0
DA:31,0
DA:34,3
FN:34,SBT.mint
FNDA:3,SBT.mint
DA:35,3
BRDA:35,0,0,-
BRDA:35,0,1,-
DA:36,3
DA:39,4
FN:39,SBT.setMinter
FNDA:4,SBT.setMinter
DA:40,4
DA:43,2
FN:43,SBT.safeTransferFrom
FNDA:2,SBT.safeTransferFrom
DA:44,2
FNF:6
FNH:4
LF:17
LH:12
BRF:2
BRH:0
end_of_record
TN:
SF:src/SBTERC721.sol
DA:11,3
FN:11,SBTERC721.constructor
FNDA:3,SBTERC721.constructor
DA:12,3
DA:15,2
FN:15,SBTERC721.mint
FNDA:2,SBTERC721.mint
DA:16,2
BRDA:16,0,0,-
BRDA:16,0,1,-
DA:17,2
DA:20,0
FN:20,SBTERC721.setMinter
FNDA:0,SBTERC721.setMinter
DA:21,0
DA:24,2
FN:24,SBTERC721.transferFrom
FNDA:2,SBTERC721.transferFrom
DA:25,2
FNF:4
FNH:3
LF:9
LH:7
BRF:2
BRH:0
end_of_record
TN:
SF:src/Staking.sol
DA:30,48
FN:30,Staking.initialize
FNDA:48,Staking.initialize
DA:31,48
DA:32,48
DA:34,48
DA:35,48
DA:36,0
DA:37,0
DA:40,10
FN:40,Staking.updateReward
FNDA:10,Staking.updateReward
DA:41,10
DA:42,10
DA:43,10
BRDA:43,0,0,10
DA:44,10
DA:45,10
DA:56,48
FN:56,Staking.setRewards
FNDA:48,Staking.setRewards
DA:62,48
DA:64,48
DA:65,48
DA:66,48
DA:68,48
DA:69,48
DA:73,46
DA:74,46
BRDA:74,1,0,-
BRDA:74,1,1,-
DA:76,46
DA:82,2
FN:82,Staking.recoverNonLockedRewardTokens
FNDA:2,Staking.recoverNonLockedRewardTokens
DA:83,2
DA:87,1
DA:88,2
DA:91,4
FN:91,Staking.pause
FNDA:4,Staking.pause
DA:92,0
DA:95,1
FN:95,Staking.unpause
FNDA:1,Staking.unpause
DA:96,0
DA:102,1
FN:102,Staking.exit
FNDA:1,Staking.exit
DA:103,1
DA:104,0
DA:111,20
FN:111,Staking.stake
FNDA:20,Staking.stake
DA:112,20
BRDA:112,2,0,-
BRDA:112,2,1,-
DA:113,19
BRDA:113,3,0,-
BRDA:113,3,1,-
DA:115,18
DA:116,18
DA:118,18
DA:119,18
DA:126,10
FN:126,Staking.withdraw
FNDA:10,Staking.withdraw
DA:127,10
BRDA:127,4,0,-
BRDA:127,4,1,-
DA:128,9
BRDA:128,5,0,-
BRDA:128,5,1,-
DA:129,8
DA:130,9
DA:131,8
DA:132,8
DA:139,6
FN:139,Staking.getReward
FNDA:6,Staking.getReward
DA:140,6
DA:141,6
BRDA:141,6,0,4
DA:142,4
DA:143,4
DA:144,4
DA:146,4
DA:154,18
FN:154,Staking.blocksWithRewardsPassed
FNDA:18,Staking.blocksWithRewardsPassed
DA:155,18
DA:156,18
DA:158,18
DA:165,131
FN:165,Staking.rewardPerToken
FNDA:131,Staking.rewardPerToken
DA:166,131
BRDA:166,7,0,118
DA:167,118
DA:169,13
DA:171,13
DA:179,43
FN:179,Staking.earned
FNDA:43,Staking.earned
DA:180,43
DA:181,43
DA:182,43
DA:189,97
FN:189,Staking._getFutureRewardTokens
FNDA:97,Staking._getFutureRewardTokens
DA:190,97
DA:197,100
FN:197,Staking._calculateBlocksLeft
FNDA:100,Staking._calculateBlocksLeft
DA:198,100
DA:199,100
DA:200,100
DA:201,51
DA:202,1
FNF:15
FNH:15
LF:76
LH:71
BRF:13
BRH:3
end_of_record
TN:
SF:src/deploy/BountyScript.sol
DA:8,0
FN:8,BountyScript.run
FNDA:0,BountyScript.run
DA:9,0
DA:10,0
DA:11,0
DA:13,0
DA:14,0
DA:16,0
DA:17,0
DA:18,0
DA:20,0
FNF:1
FNH:0
LF:10
LH:0
BRF:0
BRH:0
end_of_record
TN:
SF:src/deploy/CampaignsScript.sol
DA:10,0
FN:10,CampaignsScript.run
FNDA:0,CampaignsScript.run
DA:11,0
DA:12,0
DA:14,0
DA:16,0
DA:17,0
DA:18,0
DA:19,0
DA:30,0
DA:32,0
DA:34,0
DA:35,0
DA:36,0
DA:37,0
DA:40,0
DA:42,0
DA:43,0
DA:48,0
DA:50,0
DA:52,0
DA:62,0
DA:63,0
DA:64,0
DA:65,0
DA:67,0
DA:69,0
DA:70,0
DA:71,0
DA:72,0
DA:74,0
DA:75,0
DA:76,0
DA:78,0
DA:79,0
DA:80,0
DA:81,0
DA:83,0
DA:84,0
DA:86,0
DA:87,0
DA:89,0
DA:90,0
DA:91,0
DA:92,0
DA:94,0
DA:95,0
DA:96,0
DA:98,0
DA:99,0
DA:100,0
FNF:1
FNH:0
LF:50
LH:0
BRF:0
BRH:0
end_of_record
TN:
SF:src/deploy/ContractFactoryScript.sol
DA:8,0
FN:8,ContractFactoryScript.run
FNDA:0,ContractFactoryScript.run
DA:9,0
DA:10,0
DA:12,0
DA:14,0
DA:16,0
DA:18,0
FNF:1
FNH:0
LF:7
LH:0
BRF:0
BRH:0
end_of_record
TN:
SF:src/deploy/DAOFactoryScript.sol
DA:11,0
FN:11,DAOFactoryScript.run
FNDA:0,DAOFactoryScript.run
DA:12,0
DA:13,0
DA:15,0
DA:16,0
DA:17,0
DA:18,0
DA:20,0
DA:21,0
DA:23,0
DA:25,0
DA:26,0
DA:27,0
DA:28,0
FNF:1
FNH:0
LF:14
LH:0
BRF:0
BRH:0
end_of_record
TN:
SF:src/deploy/Deployed.sol
DA:8,0
FN:8,Deployed.run
FNDA:0,Deployed.run
DA:9,0
DA:10,0
DA:12,0
DA:13,0
DA:14,0
FNF:1
FNH:0
LF:6
LH:0
BRF:0
BRH:0
end_of_record
TN:
SF:src/deploy/MockERC20.sol
DA:8,0
FN:8,MockERC20Script.run
FNDA:0,MockERC20Script.run
DA:9,0
DA:10,0
DA:12,0
DA:13,0
DA:16,0
FNF:1
FNH:0
LF:6
LH:0
BRF:0
BRH:0
end_of_record
TN:
SF:src/deploy/PCECommunityGovTokenScript.sol
DA:8,0
FN:8,PCECommunityGovTokenScript.run
FNDA:0,PCECommunityGovTokenScript.run
DA:9,0
DA:10,0
DA:11,0
DA:13,0
DA:15,0
DA:16,0
DA:17,0
FNF:1
FNH:0
LF:8
LH:0
BRF:0
BRH:0
end_of_record
TN:
SF:src/deploy/PCEGovTokenScript.sol
DA:8,0
FN:8,PCEGovTokenScript.run
FNDA:0,PCEGovTokenScript.run
DA:9,0
DA:10,0
DA:11,0
DA:13,0
DA:15,0
DA:16,0
DA:18,0
FNF:1
FNH:0
LF:8
LH:0
BRF:0
BRH:0
end_of_record
TN:
SF:src/deploy/SBTScript.sol
DA:8,0
FN:8,SBTScript.run
FNDA:0,SBTScript.run
DA:9,0
DA:10,0
DA:12,0
DA:13,0
FNF:1
FNH:0
LF:5
LH:0
BRF:0
BRH:0
end_of_record
TN:
DA:9,21
FN:9,MockERC20.initialize
FNDA:21,MockERC20.initialize
DA:10,21
DA:11,21
DA:14,217
FN:14,MockERC20.mint
FNDA:217,MockERC20.mint
DA:15,217
FNF:2
FNH:2
LF:5
LH:5
BRF:0
BRH:0
end_of_record
TN:
DA:10,46
FN:10,MockGovToken.initialize
FNDA:46,MockGovToken.initialize
DA:11,46
DA:12,46
DA:15,139
FN:15,MockGovToken.mint
FNDA:139,MockGovToken.mint
DA:16,139
FNF:2
FNH:2
LF:5
LH:5
BRF:0
BRH:0
end_of_record
TN:
DA:9,772
FN:9,MockGovernance.setProposalState
FNDA:772,MockGovernance.setProposalState
DA:10,772
DA:11,772
BRDA:11,0,0,772
DA:12,772
DA:16,769
FN:16,MockGovernance.setProposer
FNDA:769,MockGovernance.setProposer
DA:17,769
DA:20,1543
FN:20,MockGovernance.state
FNDA:1543,MockGovernance.state
DA:21,1543
DA:24,2305
FN:24,MockGovernance.proposer
FNDA:2305,MockGovernance.proposer
DA:25,2305
FNF:4
FNH:4
LF:10
LH:10
BRF:1
BRH:1
end_of_record
TN:
DA:15,31
FN:15,PCECommunityGovToken.initialize
FNDA:31,PCECommunityGovToken.initialize
DA:16,31
DA:18,31
DA:19,0
DA:20,31
DA:23,23
FN:23,PCECommunityGovToken.deposit
FNDA:23,PCECommunityGovToken.deposit
DA:24,23
BRDA:24,0,0,-
BRDA:24,0,1,-
DA:26,22
DA:27,22
DA:28,22
DA:31,2
FN:31,PCECommunityGovToken.withdraw
FNDA:2,PCECommunityGovToken.withdraw
DA:32,2
BRDA:32,1,0,-
BRDA:32,1,1,-
DA:34,1
DA:35,1
DA:36,1
FNF:3
FNH:3
LF:15
LH:14
BRF:4
BRH:0
end_of_record
TN:
DA:12,0
FN:12,PCEGovToken.initialize
FNDA:0,PCEGovToken.initialize
DA:13,0
DA:14,0
DA:15,0
DA:16,0
DA:19,0
FN:19,PCEGovToken.claimGovernanceTokens
FNDA:0,PCEGovToken.claimGovernanceTokens
DA:20,0
BRDA:20,0,0,-
BRDA:20,0,1,-
DA:21,0
BRDA:21,1,0,-
BRDA:21,1,1,-
DA:26,0
DA:28,0
DA:30,0
FNF:2
FNH:0
LF:11
LH:0
BRF:4
BRH:0
end_of_record
TN:
DA:9,0
FN:9,PCEGovTokenTest.initialize
FNDA:0,PCEGovTokenTest.initialize
DA:10,0
DA:11,0
DA:12,0
DA:13,0
FNF:1
FNH:0
LF:5
LH:0
BRF:0
BRH:0
end_of_record
TN:
DA:9,0
FN:9,TestContract.onlyOwner
FNDA:0,TestContract.onlyOwner
DA:10,0
BRDA:10,0,0,-
BRDA:10,0,1,-
DA:14,0
FN:14,TestContract.constructor
FNDA:0,TestContract.constructor
DA:15,0
DA:18,0
FN:18,TestContract.transferOwnership
FNDA:0,TestContract.transferOwnership
DA:19,0
FNF:3
FNH:0
LF:6
LH:0
BRF:2
BRH:0
end_of_record
TN:
SF:src/script/script.s.sol
DA:17,0
FN:17,script.run
FNDA:0,script.run
DA:18,0
DA:19,0
DA:20,0
DA:22,0
DA:24,0
DA:25,0
DA:26,0
DA:28,0
DA:30,0
DA:31,0
DA:33,0
DA:34,0
DA:36,0
DA:38,0
DA:40,0
DA:46,0
DA:48,0
DA:50,0
DA:52,0
DA:53,0
DA:54,0
DA:55,0
DA:56,0
DA:57,0
DA:66,0
DA:67,0
DA:69,0
DA:73,0
DA:74,0
DA:75,0
DA:76,0
DA:87,0
DA:88,0
DA:90,0
DA:91,0
DA:94,0
DA:96,0
DA:97,0
DA:99,0
DA:104,0
DA:106,0
DA:107,0
DA:117,0
DA:118,0
DA:119,0
DA:120,0
DA:122,0
DA:124,0
DA:125,0
DA:126,0
DA:127,0
DA:129,0
DA:130,0
DA:131,0
DA:133,0
DA:134,0
DA:135,0
DA:136,0
DA:138,0
DA:139,0
DA:141,0
DA:142,0
DA:144,0
DA:145,0
DA:146,0
DA:147,0
DA:149,0
DA:150,0
DA:151,0
DA:153,0
DA:154,0
DA:157,0
DA:159,0
DA:160,0
DA:161,0
DA:162,0
DA:163,0
DA:164,0
DA:165,0
DA:166,0
DA:167,0
FNF:1
FNH:0
LF:82
LH:0
BRF:0
BRH:0
end_of_record
TN:
SF:test/ContractFactory.t.sol
DA:11,0
FN:11,Example.deployNewContract
FNDA:0,Example.deployNewContract
FNF:1
FNH:0
LF:1
LH:0
BRF:0
BRH:0
end_of_record
TN:
SF:test/DaoFactory.t.sol
DA:15,0
FN:15,Example.deployNewContract
FNDA:0,Example.deployNewContract
DA:20,2
FN:20,DaoFactoryDeployable.deployPublic
FNDA:2,DaoFactoryDeployable.deployPublic
DA:21,2
FNF:2
FNH:1
LF:3
LH:2
BRF:0
BRH:0
end_of_record
TN:
SF:test/Staking.t.sol
DA:10,1
FN:10,TesteableStaking._getFutureRewardTokensPublic
FNDA:1,TesteableStaking._getFutureRewardTokensPublic
DA:11,1
DA:14,3
FN:14,TesteableStaking._calculateBlocksLeftPublic
FNDA:3,TesteableStaking._calculateBlocksLeftPublic
DA:15,3
FNF:2
FNH:2
LF:4
LH:4
BRF:0
BRH:0
end_of_record
TN:
SF:test/Timelock.t.sol
DA:11,1
FN:11,PublicTimelock.getBlockTimestampPublic
FNDA:1,PublicTimelock.getBlockTimestampPublic
DA:12,1
FNF:1
FNH:1
LF:2
LH:2
BRF:0
BRH:0
end_of_record
